#
# There is insufficient memory for the Java Runtime Environment to continue.
# Native memory allocation (malloc) failed to allocate 553296 bytes for Chunk::new
# Possible reasons:
#   The system is out of physical RAM or swap space
#   The process is running with CompressedOops enabled, and the Java Heap may be blocking the growth of the native heap
# Possible solutions:
#   Reduce memory load on the system
#   Increase physical memory or swap space
#   Check if swap backing store is full
#   Decrease Java heap size (-Xmx/-Xms)
#   Decrease number of Java threads
#   Decrease Java thread stack sizes (-Xss)
#   Set larger code cache with -XX:ReservedCodeCacheSize=
#   JVM is running with Unscaled Compressed Oops mode in which the Java heap is
#     placed in the first 4GB address space. The Java Heap base address is the
#     maximum limit for the native heap growth. Please use -XX:HeapBaseMinAddress
#     to set the Java Heap base and to place the Java Heap above 4GB virtual address.
# This output file may be truncated or incomplete.
#
#  Out of Memory Error (arena.cpp:168), pid=1548, tid=14124
#
# JRE version: Java(TM) SE Runtime Environment (21.0.2+13) (build 21.0.2+13-LTS-58)
# Java VM: Java HotSpot(TM) 64-Bit Server VM (21.0.2+13-LTS-58, mixed mode, tiered, compressed oops, compressed class ptrs, g1 gc, windows-amd64)
# No core dump will be written. Minidumps are not enabled by default on client versions of Windows
#

---------------  S U M M A R Y ------------

Command Line: -XX:+ShowCodeDetailsInExceptionMessages com.kelly.cpen_208.Cpen208Application

Host: Intel(R) Pentium(R) Silver N5030 CPU @ 1.10GHz, 4 cores, 3G,  Windows 11 , 64 bit Build 22621 (10.0.22621.3527)
Time: Wed May 22 13:04:01 2024 Greenwich Standard Time elapsed time: 10.390375 seconds (0d 0h 0m 10s)

---------------  T H R E A D  ---------------

Current thread (0x0000023d003510d0):  JavaThread "C2 CompilerThread0" daemon [_thread_in_native, id=14124, stack(0x0000006c7a200000,0x0000006c7a300000) (1024K)]


Current CompileTask:
C2:  10390 2763       4       java.lang.invoke.MethodType::methodType (69 bytes)

Stack: [0x0000006c7a200000,0x0000006c7a300000]
Native frames: (J=compiled Java code, j=interpreted, Vv=VM code, C=native code)
V  [jvm.dll+0x6cade9]
V  [jvm.dll+0x8569c1]
V  [jvm.dll+0x858d2e]
V  [jvm.dll+0x859413]
V  [jvm.dll+0x280e56]
V  [jvm.dll+0xc3f3d]
V  [jvm.dll+0xc4473]
V  [jvm.dll+0x2f437f]
V  [jvm.dll+0x5f5056]
V  [jvm.dll+0x252d7f]
V  [jvm.dll+0x24b589]
V  [jvm.dll+0x2490a3]
V  [jvm.dll+0x1c9634]
V  [jvm.dll+0x258859]
V  [jvm.dll+0x256e3a]
V  [jvm.dll+0x3ef6c6]
V  [jvm.dll+0x7ff568]
V  [jvm.dll+0x6c953d]
C  [ucrtbase.dll+0x29333]
C  [KERNEL32.DLL+0x1257d]
C  [ntdll.dll+0x5aa48]


---------------  P R O C E S S  ---------------

Threads class SMR info:
_java_thread_list=0x0000023d05402dd0, length=11, elements={
0x0000023d57cff930, 0x0000023d001f5410, 0x0000023d00348070, 0x0000023d003568d0,
0x0000023d00358340, 0x0000023d00359540, 0x0000023d0034ec40, 0x0000023d003510d0,
0x0000023d0035ed80, 0x0000023d004fcfd0, 0x0000023d0050bbc0
}

Java Threads: ( => current thread )
  0x0000023d57cff930 JavaThread "main"                              [_thread_in_Java, id=16112, stack(0x0000006c79400000,0x0000006c79500000) (1024K)]
  0x0000023d001f5410 JavaThread "Reference Handler"          daemon [_thread_blocked, id=2496, stack(0x0000006c79c00000,0x0000006c79d00000) (1024K)]
  0x0000023d00348070 JavaThread "Finalizer"                  daemon [_thread_blocked, id=11316, stack(0x0000006c79d00000,0x0000006c79e00000) (1024K)]
  0x0000023d003568d0 JavaThread "Signal Dispatcher"          daemon [_thread_blocked, id=17084, stack(0x0000006c79e00000,0x0000006c79f00000) (1024K)]
  0x0000023d00358340 JavaThread "Attach Listener"            daemon [_thread_blocked, id=10804, stack(0x0000006c79f00000,0x0000006c7a000000) (1024K)]
  0x0000023d00359540 JavaThread "Service Thread"             daemon [_thread_blocked, id=12096, stack(0x0000006c7a000000,0x0000006c7a100000) (1024K)]
  0x0000023d0034ec40 JavaThread "Monitor Deflation Thread"   daemon [_thread_blocked, id=8756, stack(0x0000006c7a100000,0x0000006c7a200000) (1024K)]
=>0x0000023d003510d0 JavaThread "C2 CompilerThread0"         daemon [_thread_in_native, id=14124, stack(0x0000006c7a200000,0x0000006c7a300000) (1024K)]
  0x0000023d0035ed80 JavaThread "C1 CompilerThread0"         daemon [_thread_blocked, id=17292, stack(0x0000006c7a300000,0x0000006c7a400000) (1024K)]
  0x0000023d004fcfd0 JavaThread "Notification Thread"        daemon [_thread_blocked, id=16056, stack(0x0000006c7a400000,0x0000006c7a500000) (1024K)]
  0x0000023d0050bbc0 JavaThread "Common-Cleaner"             daemon [_thread_blocked, id=14348, stack(0x0000006c7a500000,0x0000006c7a600000) (1024K)]
Total: 11

Other Threads:
  0x0000023d0012b4a0 VMThread "VM Thread"                           [id=16944, stack(0x0000006c79b00000,0x0000006c79c00000) (1024K)]
  0x0000023d0011da20 WatcherThread "VM Periodic Task Thread"        [id=16344, stack(0x0000006c79a00000,0x0000006c79b00000) (1024K)]
  0x0000023d57d362d0 WorkerThread "GC Thread#0"                     [id=11008, stack(0x0000006c79500000,0x0000006c79600000) (1024K)]
  0x0000023d00ea23c0 WorkerThread "GC Thread#1"                     [id=9112, stack(0x0000006c7a600000,0x0000006c7a700000) (1024K)]
  0x0000023d00c12680 WorkerThread "GC Thread#2"                     [id=13024, stack(0x0000006c7a700000,0x0000006c7a800000) (1024K)]
  0x0000023d00c12a20 WorkerThread "GC Thread#3"                     [id=8900, stack(0x0000006c7a800000,0x0000006c7a900000) (1024K)]
  0x0000023d57d3ecf0 ConcurrentGCThread "G1 Main Marker"            [id=15396, stack(0x0000006c79600000,0x0000006c79700000) (1024K)]
  0x0000023d57d3f9a0 WorkerThread "G1 Conc#0"                       [id=17280, stack(0x0000006c79700000,0x0000006c79800000) (1024K)]
  0x0000023d57d90ce0 ConcurrentGCThread "G1 Refine#0"               [id=16296, stack(0x0000006c79800000,0x0000006c79900000) (1024K)]
  0x0000023d57d93510 ConcurrentGCThread "G1 Service"                [id=15096, stack(0x0000006c79900000,0x0000006c79a00000) (1024K)]
Total: 10

Threads with active compile tasks:
C2 CompilerThread0    10453 2763       4       java.lang.invoke.MethodType::methodType (69 bytes)
Total: 1

VM state: not at safepoint (normal execution)

VM Mutex/Monitor currently owned by a thread: None

Heap address: 0x00000000c2e00000, size: 978 MB, Compressed Oops mode: 32-bit

CDS archive(s) not mapped
Compressed class space mapped at: 0x0000000100000000-0x0000000140000000, reserved size: 1073741824
Narrow klass base: 0x0000000000000000, Narrow klass shift: 3, Narrow klass range: 0x140000000

GC Precious Log:
 CardTable entry size: 512
 Card Set container configuration: InlinePtr #cards 5 size 8 Array Of Cards #cards 12 size 40 Howl #buckets 4 coarsen threshold 1843 Howl Bitmap #cards 512 size 80 coarsen threshold 460 Card regions per heap region 1 cards per card region 2048
 CPUs: 4 total, 4 available
 Memory: 3911M
 Large Page Support: Disabled
 NUMA Support: Disabled
 Compressed Oops: Enabled (32-bit)
 Heap Region Size: 1M
 Heap Min Capacity: 8M
 Heap Initial Capacity: 62M
 Heap Max Capacity: 978M
 Pre-touch: Disabled
 Parallel Workers: 4
 Concurrent Workers: 1
 Concurrent Refinement Workers: 4
 Periodic GC: Disabled

Heap:
 garbage-first heap   total 30720K, used 15258K [0x00000000c2e00000, 0x0000000100000000)
  region size 1024K, 10 young (10240K), 3 survivors (3072K)
 Metaspace       used 28601K, committed 28864K, reserved 1114112K
  class space    used 3106K, committed 3264K, reserved 1048576K

Heap Regions: E=young(eden), S=young(survivor), O=old, HS=humongous(starts), HC=humongous(continues), CS=collection set, F=free, TAMS=top-at-mark-start, PB=parsable bottom
|   0|0x00000000c2e00000, 0x00000000c2f00000, 0x00000000c2f00000|100%| O|  |TAMS 0x00000000c2e00000| PB 0x00000000c2e00000| Untracked 
|   1|0x00000000c2f00000, 0x00000000c3000000, 0x00000000c3000000|100%| O|  |TAMS 0x00000000c2f00000| PB 0x00000000c2f00000| Untracked 
|   2|0x00000000c3000000, 0x00000000c3100000, 0x00000000c3100000|100%| O|  |TAMS 0x00000000c3000000| PB 0x00000000c3000000| Untracked 
|   3|0x00000000c3100000, 0x00000000c3100000, 0x00000000c3200000|  0%| F|  |TAMS 0x00000000c3100000| PB 0x00000000c3100000| Untracked 
|   4|0x00000000c3200000, 0x00000000c3300000, 0x00000000c3300000|100%| O|  |TAMS 0x00000000c3200000| PB 0x00000000c3200000| Untracked 
|   5|0x00000000c3300000, 0x00000000c3400000, 0x00000000c3400000|100%| O|  |TAMS 0x00000000c3300000| PB 0x00000000c3300000| Untracked 
|   6|0x00000000c3400000, 0x00000000c3500000, 0x00000000c3500000|100%| O|  |TAMS 0x00000000c3400000| PB 0x00000000c3400000| Untracked 
|   7|0x00000000c3500000, 0x00000000c352f520, 0x00000000c3600000| 18%| O|  |TAMS 0x00000000c3500000| PB 0x00000000c3500000| Untracked 
|   8|0x00000000c3600000, 0x00000000c3600000, 0x00000000c3700000|  0%| F|  |TAMS 0x00000000c3600000| PB 0x00000000c3600000| Untracked 
|   9|0x00000000c3700000, 0x00000000c3700000, 0x00000000c3800000|  0%| F|  |TAMS 0x00000000c3700000| PB 0x00000000c3700000| Untracked 
|  10|0x00000000c3800000, 0x00000000c3800000, 0x00000000c3900000|  0%| F|  |TAMS 0x00000000c3800000| PB 0x00000000c3800000| Untracked 
|  11|0x00000000c3900000, 0x00000000c3900000, 0x00000000c3a00000|  0%| F|  |TAMS 0x00000000c3900000| PB 0x00000000c3900000| Untracked 
|  12|0x00000000c3a00000, 0x00000000c3a00000, 0x00000000c3b00000|  0%| F|  |TAMS 0x00000000c3a00000| PB 0x00000000c3a00000| Untracked 
|  13|0x00000000c3b00000, 0x00000000c3bb7520, 0x00000000c3c00000| 71%| S|CS|TAMS 0x00000000c3b00000| PB 0x00000000c3b00000| Complete 
|  14|0x00000000c3c00000, 0x00000000c3d00000, 0x00000000c3d00000|100%| S|CS|TAMS 0x00000000c3c00000| PB 0x00000000c3c00000| Complete 
|  15|0x00000000c3d00000, 0x00000000c3e00000, 0x00000000c3e00000|100%| S|CS|TAMS 0x00000000c3d00000| PB 0x00000000c3d00000| Complete 
|  16|0x00000000c3e00000, 0x00000000c3e00000, 0x00000000c3f00000|  0%| F|  |TAMS 0x00000000c3e00000| PB 0x00000000c3e00000| Untracked 
|  17|0x00000000c3f00000, 0x00000000c3f00000, 0x00000000c4000000|  0%| F|  |TAMS 0x00000000c3f00000| PB 0x00000000c3f00000| Untracked 
|  18|0x00000000c4000000, 0x00000000c4000000, 0x00000000c4100000|  0%| F|  |TAMS 0x00000000c4000000| PB 0x00000000c4000000| Untracked 
|  19|0x00000000c4100000, 0x00000000c4100000, 0x00000000c4200000|  0%| F|  |TAMS 0x00000000c4100000| PB 0x00000000c4100000| Untracked 
|  20|0x00000000c4200000, 0x00000000c4200000, 0x00000000c4300000|  0%| F|  |TAMS 0x00000000c4200000| PB 0x00000000c4200000| Untracked 
|  21|0x00000000c4300000, 0x00000000c4300000, 0x00000000c4400000|  0%| F|  |TAMS 0x00000000c4300000| PB 0x00000000c4300000| Untracked 
|  22|0x00000000c4400000, 0x00000000c4400000, 0x00000000c4500000|  0%| F|  |TAMS 0x00000000c4400000| PB 0x00000000c4400000| Untracked 
|  23|0x00000000c4500000, 0x00000000c4600000, 0x00000000c4600000|100%| E|  |TAMS 0x00000000c4500000| PB 0x00000000c4500000| Complete 
|  24|0x00000000c4600000, 0x00000000c4700000, 0x00000000c4700000|100%| E|CS|TAMS 0x00000000c4600000| PB 0x00000000c4600000| Complete 
|  46|0x00000000c5c00000, 0x00000000c5d00000, 0x00000000c5d00000|100%| E|CS|TAMS 0x00000000c5c00000| PB 0x00000000c5c00000| Complete 
|  47|0x00000000c5d00000, 0x00000000c5e00000, 0x00000000c5e00000|100%| E|CS|TAMS 0x00000000c5d00000| PB 0x00000000c5d00000| Complete 
|  48|0x00000000c5e00000, 0x00000000c5f00000, 0x00000000c5f00000|100%| E|CS|TAMS 0x00000000c5e00000| PB 0x00000000c5e00000| Complete 
|  60|0x00000000c6a00000, 0x00000000c6b00000, 0x00000000c6b00000|100%| E|CS|TAMS 0x00000000c6a00000| PB 0x00000000c6a00000| Complete 
|  61|0x00000000c6b00000, 0x00000000c6c00000, 0x00000000c6c00000|100%| E|CS|TAMS 0x00000000c6b00000| PB 0x00000000c6b00000| Complete 

Card table byte_map: [0x0000023d6f350000,0x0000023d6f540000] _byte_map_base: 0x0000023d6ed39000

Marking Bits: (CMBitMap*) 0x0000023d57d369d0
 Bits: [0x0000023d6f540000, 0x0000023d70488000)

Polling page: 0x0000023d55e80000

Metaspace:

Usage:
  Non-class:     24.90 MB used.
      Class:      3.03 MB used.
       Both:     27.94 MB used.

Virtual space:
  Non-class space:       64.00 MB reserved,      25.00 MB ( 39%) committed,  1 nodes.
      Class space:        1.00 GB reserved,       3.19 MB ( <1%) committed,  1 nodes.
             Both:        1.06 GB reserved,      28.19 MB (  3%) committed. 

Chunk freelists:
   Non-Class:  6.44 MB
       Class:  12.80 MB
        Both:  19.23 MB

MaxMetaspaceSize: unlimited
CompressedClassSpaceSize: 1.00 GB
Initial GC threshold: 21.00 MB
Current GC threshold: 35.31 MB
CDS: off
 - commit_granule_bytes: 65536.
 - commit_granule_words: 8192.
 - virtual_space_node_default_size: 8388608.
 - enlarge_chunks_in_place: 1.
 - use_allocation_guard: 0.


Internal statistics:

num_allocs_failed_limit: 3.
num_arena_births: 274.
num_arena_deaths: 0.
num_vsnodes_births: 2.
num_vsnodes_deaths: 0.
num_space_committed: 451.
num_space_uncommitted: 0.
num_chunks_returned_to_freelist: 3.
num_chunks_taken_from_freelist: 954.
num_chunk_merges: 0.
num_chunk_splits: 612.
num_chunks_enlarged: 428.
num_inconsistent_stats: 0.

CodeHeap 'non-profiled nmethods': size=120000Kb used=1059Kb max_used=1059Kb free=118940Kb
 bounds [0x0000023d67c30000, 0x0000023d67ea0000, 0x0000023d6f160000]
CodeHeap 'profiled nmethods': size=120000Kb used=5654Kb max_used=5654Kb free=114345Kb
 bounds [0x0000023d60160000, 0x0000023d606f0000, 0x0000023d67690000]
CodeHeap 'non-nmethods': size=5760Kb used=1411Kb max_used=1436Kb free=4348Kb
 bounds [0x0000023d67690000, 0x0000023d67900000, 0x0000023d67c30000]
 total_blobs=3326 nmethods=2817 adapters=413
 compilation: enabled
              stopped_count=0, restarted_count=0
 full_count=0

Compilation events (20 events):
Event: 10.345 Thread 0x0000023d0035ed80 2791       1       org.springframework.context.annotation.ConfigurationClass::getResource (5 bytes)
Event: 10.346 Thread 0x0000023d0035ed80 nmethod 2791 0x0000023d67d36310 code [0x0000023d67d364a0, 0x0000023d67d36568]
Event: 10.346 Thread 0x0000023d0035ed80 2792       3       java.util.stream.SpinedBuffer::clear (88 bytes)
Event: 10.347 Thread 0x0000023d0035ed80 nmethod 2792 0x0000023d606de210 code [0x0000023d606de400, 0x0000023d606deab8]
Event: 10.353 Thread 0x0000023d0035ed80 2793       3       java.util.Collections$SetFromMap::isEmpty (10 bytes)
Event: 10.354 Thread 0x0000023d0035ed80 nmethod 2793 0x0000023d606dec90 code [0x0000023d606dee40, 0x0000023d606df010]
Event: 10.356 Thread 0x0000023d0035ed80 2794       1       org.springframework.beans.BeanMetadataAttributeAccessor::getSource (5 bytes)
Event: 10.356 Thread 0x0000023d0035ed80 nmethod 2794 0x0000023d67d36610 code [0x0000023d67d367a0, 0x0000023d67d36868]
Event: 10.357 Thread 0x0000023d0035ed80 2795       3       org.springframework.core.annotation.AttributeMethods::assertAnnotation (22 bytes)
Event: 10.358 Thread 0x0000023d0035ed80 nmethod 2795 0x0000023d606df110 code [0x0000023d606df320, 0x0000023d606df8a8]
Event: 10.361 Thread 0x0000023d0035ed80 2796       3       org.springframework.beans.factory.support.AbstractBeanFactory::hasBeanCreationStarted (18 bytes)
Event: 10.362 Thread 0x0000023d0035ed80 nmethod 2796 0x0000023d606dfb10 code [0x0000023d606dfcc0, 0x0000023d606dfee0]
Event: 10.362 Thread 0x0000023d0035ed80 2797       3       org.springframework.core.annotation.AnnotationAttributes::<init> (29 bytes)
Event: 10.363 Thread 0x0000023d0035ed80 nmethod 2797 0x0000023d606dff90 code [0x0000023d606e01a0, 0x0000023d606e0758]
Event: 10.365 Thread 0x0000023d0035ed80 2798       3       org.springframework.core.annotation.AnnotationAwareOrderComparator::findOrderFromAnnotation (69 bytes)
Event: 10.366 Thread 0x0000023d0035ed80 nmethod 2798 0x0000023d606e0990 code [0x0000023d606e0bc0, 0x0000023d606e1490]
Event: 10.366 Thread 0x0000023d0035ed80 2799       3       org.springframework.core.annotation.TypeMappedAnnotations$MergedAnnotationFinder::doWithAnnotations (10 bytes)
Event: 10.367 Thread 0x0000023d0035ed80 nmethod 2799 0x0000023d606e1710 code [0x0000023d606e18c0, 0x0000023d606e1a10]
Event: 10.367 Thread 0x0000023d0035ed80 2800       3       java.lang.Integer::compare (20 bytes)
Event: 10.367 Thread 0x0000023d0035ed80 nmethod 2800 0x0000023d606e1b10 code [0x0000023d606e1cc0, 0x0000023d606e1e98]

GC Heap History (10 events):
Event: 2.997 GC heap before
{Heap before GC invocations=0 (full 0):
 garbage-first heap   total 63488K, used 12288K [0x00000000c2e00000, 0x0000000100000000)
  region size 1024K, 13 young (13312K), 0 survivors (0K)
 Metaspace       used 12358K, committed 12608K, reserved 1114112K
  class space    used 1145K, committed 1280K, reserved 1048576K
}
Event: 3.015 GC heap after
{Heap after GC invocations=1 (full 0):
 garbage-first heap   total 63488K, used 3741K [0x00000000c2e00000, 0x0000000100000000)
  region size 1024K, 2 young (2048K), 2 survivors (2048K)
 Metaspace       used 12358K, committed 12608K, reserved 1114112K
  class space    used 1145K, committed 1280K, reserved 1048576K
}
Event: 4.916 GC heap before
{Heap before GC invocations=1 (full 0):
 garbage-first heap   total 63488K, used 18077K [0x00000000c2e00000, 0x0000000100000000)
  region size 1024K, 16 young (16384K), 2 survivors (2048K)
 Metaspace       used 17096K, committed 17408K, reserved 1114112K
  class space    used 1761K, committed 1920K, reserved 1048576K
}
Event: 4.929 GC heap after
{Heap after GC invocations=2 (full 0):
 garbage-first heap   total 63488K, used 5243K [0x00000000c2e00000, 0x0000000100000000)
  region size 1024K, 2 young (2048K), 2 survivors (2048K)
 Metaspace       used 17096K, committed 17408K, reserved 1114112K
  class space    used 1761K, committed 1920K, reserved 1048576K
}
Event: 6.164 GC heap before
{Heap before GC invocations=2 (full 0):
 garbage-first heap   total 63488K, used 17531K [0x00000000c2e00000, 0x0000000100000000)
  region size 1024K, 15 young (15360K), 2 survivors (2048K)
 Metaspace       used 21268K, committed 21504K, reserved 1114112K
  class space    used 2177K, committed 2304K, reserved 1048576K
}
Event: 6.175 GC heap after
{Heap after GC invocations=3 (full 0):
 garbage-first heap   total 63488K, used 6589K [0x00000000c2e00000, 0x0000000100000000)
  region size 1024K, 3 young (3072K), 3 survivors (3072K)
 Metaspace       used 21268K, committed 21504K, reserved 1114112K
  class space    used 2177K, committed 2304K, reserved 1048576K
}
Event: 7.130 GC heap before
{Heap before GC invocations=4 (full 0):
 garbage-first heap   total 30720K, used 20925K [0x00000000c2e00000, 0x0000000100000000)
  region size 1024K, 18 young (18432K), 3 survivors (3072K)
 Metaspace       used 25262K, committed 25536K, reserved 1114112K
  class space    used 2711K, committed 2816K, reserved 1048576K
}
Event: 7.142 GC heap after
{Heap after GC invocations=5 (full 0):
 garbage-first heap   total 30720K, used 7751K [0x00000000c2e00000, 0x0000000100000000)
  region size 1024K, 3 young (3072K), 3 survivors (3072K)
 Metaspace       used 25262K, committed 25536K, reserved 1114112K
  class space    used 2711K, committed 2816K, reserved 1048576K
}
Event: 9.594 GC heap before
{Heap before GC invocations=5 (full 0):
 garbage-first heap   total 30720K, used 22087K [0x00000000c2e00000, 0x0000000100000000)
  region size 1024K, 17 young (17408K), 3 survivors (3072K)
 Metaspace       used 27323K, committed 27584K, reserved 1114112K
  class space    used 2955K, committed 3072K, reserved 1048576K
}
Event: 9.611 GC heap after
{Heap after GC invocations=6 (full 0):
 garbage-first heap   total 30720K, used 9114K [0x00000000c2e00000, 0x0000000100000000)
  region size 1024K, 3 young (3072K), 3 survivors (3072K)
 Metaspace       used 27323K, committed 27584K, reserved 1114112K
  class space    used 2955K, committed 3072K, reserved 1048576K
}

Dll operation events (7 events):
Event: 0.035 Loaded shared library C:\Program Files\Java\jdk-21\bin\java.dll
Event: 0.576 Loaded shared library C:\Program Files\Java\jdk-21\bin\jsvml.dll
Event: 0.903 Loaded shared library C:\Program Files\Java\jdk-21\bin\net.dll
Event: 0.909 Loaded shared library C:\Program Files\Java\jdk-21\bin\nio.dll
Event: 0.946 Loaded shared library C:\Program Files\Java\jdk-21\bin\zip.dll
Event: 1.463 Loaded shared library C:\Program Files\Java\jdk-21\bin\jimage.dll
Event: 7.549 Loaded shared library C:\Program Files\Java\jdk-21\bin\sunmscapi.dll

Deoptimization events (20 events):
Event: 9.550 Thread 0x0000023d57cff930 Uncommon trap: trap_request=0xffffffde fr.pc=0x0000023d67c68e38 relative=0x0000000000000198
Event: 9.550 Thread 0x0000023d57cff930 Uncommon trap: reason=class_check action=maybe_recompile pc=0x0000023d67c68e38 method=java.lang.String.equals(Ljava/lang/Object;)Z @ 8 c2
Event: 9.550 Thread 0x0000023d57cff930 DEOPT PACKING pc=0x0000023d67c68e38 sp=0x0000006c794fe6c0
Event: 9.550 Thread 0x0000023d57cff930 DEOPT UNPACKING pc=0x0000023d676e469c sp=0x0000006c794fe658 mode 2
Event: 9.551 Thread 0x0000023d57cff930 Uncommon trap: trap_request=0xffffffde fr.pc=0x0000023d67c68e38 relative=0x0000000000000198
Event: 9.551 Thread 0x0000023d57cff930 Uncommon trap: reason=class_check action=maybe_recompile pc=0x0000023d67c68e38 method=java.lang.String.equals(Ljava/lang/Object;)Z @ 8 c2
Event: 9.551 Thread 0x0000023d57cff930 DEOPT PACKING pc=0x0000023d67c68e38 sp=0x0000006c794fe6c0
Event: 9.551 Thread 0x0000023d57cff930 DEOPT UNPACKING pc=0x0000023d676e469c sp=0x0000006c794fe658 mode 2
Event: 9.551 Thread 0x0000023d57cff930 Uncommon trap: trap_request=0xffffffde fr.pc=0x0000023d67c68e38 relative=0x0000000000000198
Event: 9.551 Thread 0x0000023d57cff930 Uncommon trap: reason=class_check action=maybe_recompile pc=0x0000023d67c68e38 method=java.lang.String.equals(Ljava/lang/Object;)Z @ 8 c2
Event: 9.551 Thread 0x0000023d57cff930 DEOPT PACKING pc=0x0000023d67c68e38 sp=0x0000006c794fe670
Event: 9.551 Thread 0x0000023d57cff930 DEOPT UNPACKING pc=0x0000023d676e469c sp=0x0000006c794fe5f8 mode 2
Event: 9.554 Thread 0x0000023d57cff930 Uncommon trap: trap_request=0xffffffde fr.pc=0x0000023d67d1ff64 relative=0x0000000000000464
Event: 9.554 Thread 0x0000023d57cff930 Uncommon trap: reason=class_check action=maybe_recompile pc=0x0000023d67d1ff64 method=java.lang.String.equals(Ljava/lang/Object;)Z @ 8 c2
Event: 9.554 Thread 0x0000023d57cff930 DEOPT PACKING pc=0x0000023d67d1ff64 sp=0x0000006c794fe3f0
Event: 9.554 Thread 0x0000023d57cff930 DEOPT UNPACKING pc=0x0000023d676e469c sp=0x0000006c794fe2a8 mode 2
Event: 9.554 Thread 0x0000023d57cff930 Uncommon trap: trap_request=0xffffffde fr.pc=0x0000023d67c68e38 relative=0x0000000000000198
Event: 9.555 Thread 0x0000023d57cff930 Uncommon trap: reason=class_check action=maybe_recompile pc=0x0000023d67c68e38 method=java.lang.String.equals(Ljava/lang/Object;)Z @ 8 c2
Event: 9.555 Thread 0x0000023d57cff930 DEOPT PACKING pc=0x0000023d67c68e38 sp=0x0000006c794fe330
Event: 9.555 Thread 0x0000023d57cff930 DEOPT UNPACKING pc=0x0000023d676e469c sp=0x0000006c794fe2b8 mode 2

Classes loaded (20 events):
Event: 7.510 Loading class java/security/PrivilegedActionException
Event: 7.514 Loading class java/security/PrivilegedActionException done
Event: 7.515 Loading class javax/security/auth/login/FailedLoginException
Event: 7.516 Loading class javax/security/auth/login/FailedLoginException done
Event: 7.517 Loading class javax/security/auth/callback/CallbackHandler
Event: 7.517 Loading class javax/security/auth/callback/CallbackHandler done
Event: 7.517 Loading class javax/security/auth/Subject
Event: 7.519 Loading class javax/security/auth/Subject done
Event: 7.569 Loading class sun/security/provider/certpath/ldap/JdkLDAP
Event: 7.570 Loading class sun/security/provider/certpath/ldap/JdkLDAP done
Event: 7.571 Loading class sun/security/provider/certpath/ldap/JdkLDAP$ProviderService
Event: 7.571 Loading class sun/security/provider/certpath/ldap/JdkLDAP$ProviderService done
Event: 7.572 Loading class com/sun/security/sasl/Provider
Event: 7.573 Loading class com/sun/security/sasl/Provider done
Event: 7.573 Loading class com/sun/security/sasl/Provider$1
Event: 7.574 Loading class com/sun/security/sasl/Provider$1 done
Event: 7.574 Loading class com/sun/security/sasl/Provider$ProviderService
Event: 7.575 Loading class com/sun/security/sasl/Provider$ProviderService done
Event: 7.582 Loading class java/util/IdentityHashMap$KeyIterator
Event: 7.582 Loading class java/util/IdentityHashMap$KeyIterator done

Classes unloaded (0 events):
No events

Classes redefined (0 events):
No events

Internal exceptions (20 events):
Event: 4.421 Thread 0x0000023d57cff930 Exception <a 'java/lang/NoSuchMethodError'{0x00000000c6019960}: 'java.lang.Object java.lang.invoke.DirectMethodHandle$Holder.invokeStatic(java.lang.Object, long, java.lang.Object)'> (0x00000000c6019960) 
thrown [s\open\src\hotspot\share\interpreter\linkResolver.cpp, line 773]
Event: 4.422 Thread 0x0000023d57cff930 Exception <a 'java/lang/NoSuchMethodError'{0x00000000c601cfb8}: 'java.lang.Object java.lang.invoke.DirectMethodHandle$Holder.invokeStaticInit(java.lang.Object, long, java.lang.Object)'> (0x00000000c601cfb8) 
thrown [s\open\src\hotspot\share\interpreter\linkResolver.cpp, line 773]
Event: 4.424 Thread 0x0000023d57cff930 Exception <a 'java/lang/NoSuchMethodError'{0x00000000c6022798}: 'java.lang.Object java.lang.invoke.DirectMethodHandle$Holder.newInvokeSpecial(java.lang.Object, long)'> (0x00000000c6022798) 
thrown [s\open\src\hotspot\share\interpreter\linkResolver.cpp, line 773]
Event: 4.509 Thread 0x0000023d57cff930 Exception <a 'java/lang/NoSuchMethodError'{0x00000000c60a8698}: 'void java.lang.invoke.DirectMethodHandle$Holder.invokeSpecial(java.lang.Object, java.lang.Object, java.lang.Object, java.lang.Object, java.lang.Object)'> (0x00000000c60a8698) 
thrown [s\open\src\hotspot\share\interpreter\linkResolver.cpp, line 773]
Event: 4.512 Thread 0x0000023d57cff930 Exception <a 'java/lang/NoSuchMethodError'{0x00000000c60afe78}: 'void java.lang.invoke.DirectMethodHandle$Holder.invokeVirtual(java.lang.Object, java.lang.Object, java.lang.Object, java.lang.Object)'> (0x00000000c60afe78) 
thrown [s\open\src\hotspot\share\interpreter\linkResolver.cpp, line 773]
Event: 4.701 Thread 0x0000023d57cff930 Exception <a 'java/lang/NoSuchMethodError'{0x00000000c5fe1200}: 'void java.lang.invoke.DirectMethodHandle$Holder.invokeSpecial(java.lang.Object, java.lang.Object, java.lang.Object)'> (0x00000000c5fe1200) 
thrown [s\open\src\hotspot\share\interpreter\linkResolver.cpp, line 773]
Event: 4.773 Thread 0x0000023d57cff930 Exception <a 'java/lang/IncompatibleClassChangeError'{0x00000000c5c0c858}: Found class java.lang.Object, but interface was expected> (0x00000000c5c0c858) 
thrown [s\open\src\hotspot\share\interpreter\linkResolver.cpp, line 840]
Event: 4.818 Thread 0x0000023d0535d540 Exception <a 'java/lang/NoClassDefFoundError'{0x00000000c5c4c018}: jakarta/validation/Validation> (0x00000000c5c4c018) 
thrown [s\open\src\hotspot\share\classfile\systemDictionary.cpp, line 301]
Event: 4.852 Thread 0x0000023d57cff930 Exception <a 'java/lang/NoSuchMethodError'{0x00000000c5c21a88}: 'java.lang.Object java.lang.invoke.DirectMethodHandle$Holder.invokeStaticInit(java.lang.Object, int)'> (0x00000000c5c21a88) 
thrown [s\open\src\hotspot\share\interpreter\linkResolver.cpp, line 773]
Event: 4.875 Thread 0x0000023d57cff930 Exception <a 'java/lang/NoSuchMethodError'{0x00000000c5c2bc20}: 'java.lang.Object java.lang.invoke.DirectMethodHandle$Holder.invokeStatic(java.lang.Object, int, java.lang.Object)'> (0x00000000c5c2bc20) 
thrown [s\open\src\hotspot\share\interpreter\linkResolver.cpp, line 773]
Event: 4.878 Thread 0x0000023d57cff930 Exception <a 'java/lang/NoSuchMethodError'{0x00000000c5c2f270}: 'java.lang.Object java.lang.invoke.DirectMethodHandle$Holder.invokeStaticInit(java.lang.Object, int, java.lang.Object)'> (0x00000000c5c2f270) 
thrown [s\open\src\hotspot\share\interpreter\linkResolver.cpp, line 773]
Event: 6.789 Thread 0x0000023d57cff930 Exception <a 'java/lang/NoSuchMethodError'{0x00000000c3e147b0}: 'int java.lang.invoke.DirectMethodHandle$Holder.invokeSpecial(java.lang.Object, java.lang.Object, java.lang.Object, java.lang.Object, java.lang.Object)'> (0x00000000c3e147b0) 
thrown [s\open\src\hotspot\share\interpreter\linkResolver.cpp, line 773]
Event: 6.804 Thread 0x0000023d57cff930 Exception <a 'java/lang/NoSuchMethodError'{0x00000000c3e1ca00}: 'void java.lang.invoke.DirectMethodHandle$Holder.invokeVirtual(java.lang.Object, java.lang.Object)'> (0x00000000c3e1ca00) 
thrown [s\open\src\hotspot\share\interpreter\linkResolver.cpp, line 773]
Event: 6.932 Thread 0x0000023d0535d540 Exception <a 'java/lang/NoSuchMethodError'{0x00000000c3c5a328}: 'long java.lang.invoke.DirectMethodHandle$Holder.invokeSpecial(java.lang.Object, java.lang.Object)'> (0x00000000c3c5a328) 
thrown [s\open\src\hotspot\share\interpreter\linkResolver.cpp, line 773]
Event: 6.942 Thread 0x0000023d0535d540 Exception <a 'java/lang/NoSuchMethodError'{0x00000000c3ce4108}: 'long java.lang.invoke.DirectMethodHandle$Holder.invokeStatic(java.lang.Object, java.lang.Object)'> (0x00000000c3ce4108) 
thrown [s\open\src\hotspot\share\interpreter\linkResolver.cpp, line 773]
Event: 6.943 Thread 0x0000023d0535d540 Exception <a 'java/lang/NoSuchMethodError'{0x00000000c3ce7470}: 'long java.lang.invoke.DirectMethodHandle$Holder.invokeStaticInit(java.lang.Object, java.lang.Object)'> (0x00000000c3ce7470) 
thrown [s\open\src\hotspot\share\interpreter\linkResolver.cpp, line 773]
Event: 6.950 Thread 0x0000023d0535d540 Exception <a 'java/lang/NoSuchMethodError'{0x00000000c3cf35b8}: 'long java.lang.invoke.DirectMethodHandle$Holder.invokeInterface(java.lang.Object, java.lang.Object)'> (0x00000000c3cf35b8) 
thrown [s\open\src\hotspot\share\interpreter\linkResolver.cpp, line 773]
Event: 6.960 Thread 0x0000023d0535d540 Exception <a 'java/lang/IncompatibleClassChangeError'{0x00000000c3cf6868}: Found class java.lang.Object, but interface was expected> (0x00000000c3cf6868) 
thrown [s\open\src\hotspot\share\interpreter\linkResolver.cpp, line 840]
Event: 7.005 Thread 0x0000023d0535d540 Exception <a 'java/lang/NoSuchMethodError'{0x00000000c3b5d0f0}: 'java.lang.Object java.lang.invoke.DirectMethodHandle$Holder.invokeVirtual(java.lang.Object, java.lang.Object, java.lang.Object, java.lang.Object)'> (0x00000000c3b5d0f0) 
thrown [s\open\src\hotspot\share\interpreter\linkResolver.cpp, line 773]
Event: 7.409 Thread 0x0000023d57cff930 Exception <a 'java/lang/IncompatibleClassChangeError'{0x00000000c5c3dac8}: Found class java.lang.Object, but interface was expected> (0x00000000c5c3dac8) 
thrown [s\open\src\hotspot\share\interpreter\linkResolver.cpp, line 840]

ZGC Phase Switch (0 events):
No events

VM Operations (20 events):
Event: 6.195 Executing VM operation: G1PauseRemark
Event: 6.199 Executing VM operation: G1PauseRemark done
Event: 6.204 Executing VM operation: G1PauseCleanup
Event: 6.212 Executing VM operation: G1PauseCleanup done
Event: 6.395 Executing VM operation: HandshakeAllThreads (Deoptimize)
Event: 6.395 Executing VM operation: HandshakeAllThreads (Deoptimize) done
Event: 6.691 Executing VM operation: HandshakeAllThreads (Deoptimize)
Event: 6.692 Executing VM operation: HandshakeAllThreads (Deoptimize) done
Event: 7.129 Executing VM operation: G1CollectForAllocation (G1 Evacuation Pause)
Event: 7.142 Executing VM operation: G1CollectForAllocation (G1 Evacuation Pause) done
Event: 7.239 Executing VM operation: HandshakeAllThreads (Deoptimize)
Event: 7.239 Executing VM operation: HandshakeAllThreads (Deoptimize) done
Event: 7.416 Executing VM operation: HandshakeAllThreads (Deoptimize)
Event: 7.417 Executing VM operation: HandshakeAllThreads (Deoptimize) done
Event: 8.412 Executing VM operation: Cleanup
Event: 8.415 Executing VM operation: Cleanup done
Event: 9.420 Executing VM operation: Cleanup
Event: 9.421 Executing VM operation: Cleanup done
Event: 9.593 Executing VM operation: G1CollectForAllocation (G1 Evacuation Pause)
Event: 9.611 Executing VM operation: G1CollectForAllocation (G1 Evacuation Pause) done

Events (15 events):
Event: 0.054 Thread 0x0000023d57cff930 Thread added: 0x0000023d57cff930
Event: 0.562 Thread 0x0000023d001f5410 Thread added: 0x0000023d001f5410
Event: 0.562 Thread 0x0000023d00348070 Thread added: 0x0000023d00348070
Event: 0.569 Thread 0x0000023d003568d0 Thread added: 0x0000023d003568d0
Event: 0.570 Thread 0x0000023d00358340 Thread added: 0x0000023d00358340
Event: 0.570 Thread 0x0000023d00359540 Thread added: 0x0000023d00359540
Event: 0.570 Thread 0x0000023d0034ec40 Thread added: 0x0000023d0034ec40
Event: 0.571 Thread 0x0000023d003510d0 Thread added: 0x0000023d003510d0
Event: 0.571 Thread 0x0000023d0035ed80 Thread added: 0x0000023d0035ed80
Event: 0.818 Thread 0x0000023d004fcfd0 Thread added: 0x0000023d004fcfd0
Event: 0.840 Thread 0x0000023d0050bbc0 Thread added: 0x0000023d0050bbc0
Event: 4.763 Thread 0x0000023d0535d540 Thread added: 0x0000023d0535d540
Event: 7.206 Thread 0x0000023d00846660 Thread added: 0x0000023d00846660
Event: 7.300 Thread 0x0000023d00846660 Thread exited: 0x0000023d00846660
Event: 7.582 Thread 0x0000023d0535d540 Thread exited: 0x0000023d0535d540


Dynamic libraries:
0x00007ff6498f0000 - 0x00007ff649900000 	C:\Program Files\Java\jdk-21\bin\java.exe
0x00007ffd460b0000 - 0x00007ffd462c7000 	C:\windows\SYSTEM32\ntdll.dll
0x00007ffd447c0000 - 0x00007ffd44884000 	C:\windows\System32\KERNEL32.DLL
0x00007ffd43780000 - 0x00007ffd43b27000 	C:\windows\System32\KERNELBASE.dll
0x00007ffd43430000 - 0x00007ffd43541000 	C:\windows\System32\ucrtbase.dll
0x00007ffd1e360000 - 0x00007ffd1e379000 	C:\Program Files\Java\jdk-21\bin\jli.dll
0x00007ffd457c0000 - 0x00007ffd45872000 	C:\windows\System32\ADVAPI32.dll
0x00007ffd446a0000 - 0x00007ffd44747000 	C:\windows\System32\msvcrt.dll
0x00007ffd44a30000 - 0x00007ffd44ad8000 	C:\windows\System32\sechost.dll
0x00007ffd43400000 - 0x00007ffd43428000 	C:\windows\System32\bcrypt.dll
0x00007ffd45f50000 - 0x00007ffd46065000 	C:\windows\System32\RPCRT4.dll
0x00007ffd44eb0000 - 0x00007ffd4505e000 	C:\windows\System32\USER32.dll
0x00007ffd433d0000 - 0x00007ffd433f6000 	C:\windows\System32\win32u.dll
0x00007ffd450a0000 - 0x00007ffd450c9000 	C:\windows\System32\GDI32.dll
0x00007ffd43c20000 - 0x00007ffd43d39000 	C:\windows\System32\gdi32full.dll
0x00007ffd43d40000 - 0x00007ffd43dda000 	C:\windows\System32\msvcp_win.dll
0x00007ffd1c3a0000 - 0x00007ffd1c3bb000 	C:\Program Files\Java\jdk-21\bin\VCRUNTIME140.dll
0x00007ffd2a9c0000 - 0x00007ffd2ac53000 	C:\windows\WinSxS\amd64_microsoft.windows.common-controls_6595b64144ccf1df_6.0.22621.3527_none_270e469b73872a76\COMCTL32.dll
0x00007ffd39370000 - 0x00007ffd3937a000 	C:\windows\SYSTEM32\VERSION.dll
0x00007ffd458d0000 - 0x00007ffd45901000 	C:\windows\System32\IMM32.DLL
0x00007ffd26a20000 - 0x00007ffd26a2c000 	C:\Program Files\Java\jdk-21\bin\vcruntime140_1.dll
0x00007ffd1b960000 - 0x00007ffd1b9ee000 	C:\Program Files\Java\jdk-21\bin\msvcp140.dll
0x00007ffd1ab90000 - 0x00007ffd1b8a7000 	C:\Program Files\Java\jdk-21\bin\server\jvm.dll
0x00007ffd45ed0000 - 0x00007ffd45f41000 	C:\windows\System32\WS2_32.dll
0x00007ffd43290000 - 0x00007ffd432dd000 	C:\windows\SYSTEM32\POWRPROF.dll
0x00007ffd3a3c0000 - 0x00007ffd3a3f4000 	C:\windows\SYSTEM32\WINMM.dll
0x00007ffd431c0000 - 0x00007ffd431d3000 	C:\windows\SYSTEM32\UMPDC.dll
0x00007ffd423b0000 - 0x00007ffd423c8000 	C:\windows\SYSTEM32\kernel.appcore.dll
0x00007ffd2af60000 - 0x00007ffd2af6a000 	C:\Program Files\Java\jdk-21\bin\jimage.dll
0x00007ffd40e50000 - 0x00007ffd41082000 	C:\windows\SYSTEM32\DBGHELP.DLL
0x00007ffd450d0000 - 0x00007ffd45458000 	C:\windows\System32\combase.dll
0x00007ffd448b0000 - 0x00007ffd44987000 	C:\windows\System32\OLEAUT32.dll
0x00007ffd289a0000 - 0x00007ffd289d2000 	C:\windows\SYSTEM32\dbgcore.DLL
0x00007ffd43b30000 - 0x00007ffd43ba9000 	C:\windows\System32\bcryptPrimitives.dll
0x00007ffd1dbc0000 - 0x00007ffd1dbdf000 	C:\Program Files\Java\jdk-21\bin\java.dll
0x00007ffd43de0000 - 0x00007ffd4463c000 	C:\windows\System32\SHELL32.dll
0x00007ffd412c0000 - 0x00007ffd41bb6000 	C:\windows\SYSTEM32\windows.storage.dll
0x00007ffd41180000 - 0x00007ffd412be000 	C:\windows\SYSTEM32\wintypes.dll
0x00007ffd45460000 - 0x00007ffd45555000 	C:\windows\System32\SHCORE.dll
0x00007ffd44640000 - 0x00007ffd4469e000 	C:\windows\System32\shlwapi.dll
0x00007ffd43300000 - 0x00007ffd43321000 	C:\windows\SYSTEM32\profapi.dll
0x00007ffd18b80000 - 0x00007ffd18c57000 	C:\Program Files\Java\jdk-21\bin\jsvml.dll
0x00007ffd1e350000 - 0x00007ffd1e360000 	C:\Program Files\Java\jdk-21\bin\net.dll
0x00007ffd3b0c0000 - 0x00007ffd3b1f6000 	C:\windows\SYSTEM32\WINHTTP.dll
0x00007ffd42820000 - 0x00007ffd42889000 	C:\windows\system32\mswsock.dll
0x00007ffd19660000 - 0x00007ffd19676000 	C:\Program Files\Java\jdk-21\bin\nio.dll
0x00007ffd18b60000 - 0x00007ffd18b78000 	C:\Program Files\Java\jdk-21\bin\zip.dll
0x00007ffd3b2b0000 - 0x00007ffd3b2be000 	C:\Program Files\Java\jdk-21\bin\sunmscapi.dll
0x00007ffd43610000 - 0x00007ffd43778000 	C:\windows\System32\CRYPT32.dll
0x00007ffd42c80000 - 0x00007ffd42cae000 	C:\windows\SYSTEM32\ncrypt.dll
0x00007ffd42c40000 - 0x00007ffd42c77000 	C:\windows\SYSTEM32\NTASN1.dll

dbghelp: loaded successfully - version: 4.0.5 - missing functions: none
symbol engine: initialized successfully - sym options: 0x614 - pdb path: .;C:\Program Files\Java\jdk-21\bin;C:\windows\SYSTEM32;C:\windows\WinSxS\amd64_microsoft.windows.common-controls_6595b64144ccf1df_6.0.22621.3527_none_270e469b73872a76;C:\Program Files\Java\jdk-21\bin\server

VM Arguments:
jvm_args: -XX:+ShowCodeDetailsInExceptionMessages 
java_command: com.kelly.cpen_208.Cpen208Application
java_class_path (initial): C:\Users\gyaba\OneDrive\Desktop\cpen_208_API\cpen_208\target\classes;C:\Users\gyaba\.m2\repository\org\springframework\boot\spring-boot-starter-web\3.2.5\spring-boot-starter-web-3.2.5.jar;C:\Users\gyaba\.m2\repository\org\springframework\boot\spring-boot-starter\3.2.5\spring-boot-starter-3.2.5.jar;C:\Users\gyaba\.m2\repository\org\springframework\boot\spring-boot\3.2.5\spring-boot-3.2.5.jar;C:\Users\gyaba\.m2\repository\org\springframework\boot\spring-boot-autoconfigure\3.2.5\spring-boot-autoconfigure-3.2.5.jar;C:\Users\gyaba\.m2\repository\org\springframework\boot\spring-boot-starter-logging\3.2.5\spring-boot-starter-logging-3.2.5.jar;C:\Users\gyaba\.m2\repository\ch\qos\logback\logback-classic\1.4.14\logback-classic-1.4.14.jar;C:\Users\gyaba\.m2\repository\ch\qos\logback\logback-core\1.4.14\logback-core-1.4.14.jar;C:\Users\gyaba\.m2\repository\org\apache\logging\log4j\log4j-to-slf4j\2.21.1\log4j-to-slf4j-2.21.1.jar;C:\Users\gyaba\.m2\repository\org\apache\logging\log4j\log4j-api\2.21.1\log4j-api-2.21.1.jar;C:\Users\gyaba\.m2\repository\org\slf4j\jul-to-slf4j\2.0.13\jul-to-slf4j-2.0.13.jar;C:\Users\gyaba\.m2\repository\jakarta\annotation\jakarta.annotation-api\2.1.1\jakarta.annotation-api-2.1.1.jar;C:\Users\gyaba\.m2\repository\org\yaml\snakeyaml\2.2\snakeyaml-2.2.jar;C:\Users\gyaba\.m2\repository\org\springframework\boot\spring-boot-starter-json\3.2.5\spring-boot-starter-json-3.2.5.jar;C:\Users\gyaba\.m2\repository\com\fasterxml\jackson\core\jackson-databind\2.15.4\jackson-databind-2.15.4.jar;C:\Users\gyaba\.m2\repository\com\fasterxml\jackson\core\jackson-annotations\2.15.4\jackson-annotations-2.15.4.jar;C:\Users\gyaba\.m2\repository\com\fasterxml\jackson\core\jackson-core\2.15.4\jackson-core-2.15.4.jar;C:\Users\gyaba\.m2\repository\com\fasterxml\jackson\datatype\jackson-datatype-jdk8\2.15.4\jackson-datatype-jdk8-2.15.4.jar;C:\Users\gyaba\.m2\repository\com\fasterxml\jackson\datatype\jackson-datatype-jsr310\2.15.4\jackson-datatype-jsr310-2.15.4.jar;C:\Users\gyaba\.m2\repository\com\fasterxml\jackson\module\jackson-module-parameter-names\2.15.4\jackson-module-parameter-names-2.15.4.jar;C:\Users\gyaba\.m2\repository\org\springframework\boot\spring-boot-starter-tomcat\3.2.5\spring-boot-starter-tomcat-3.2.5.jar;C:\Users\gyaba\.m2\repository\org\apache\tomcat\embed\tomcat-embed-core\10.1.20\tomcat-embed-core-10.1.20.jar;C:\Users\gyaba\.m2\repository\org\apache\tomcat\embed\tomcat-embed-el\10.1.20\tomcat-embed-el-10.1.20.jar;C:\Users\gyaba\.m2\repository\org\apache\tomcat\embed\tomcat-embed-websocket\10.1.20\tomcat-embed-websocket-10.1.20.jar;C:\Users\gyaba\.m2\repository\org\springframework\spring-web\6.1.6\spring-web-6.1.6.jar;C:\Users\gyaba\.m2\repository\org\springframework\spring-beans\6.1.6\spring-beans-6.1.6.jar;C:\Users\gyaba\.m2\repository\io\micrometer\micrometer-observation\1.12.5\micrometer-observation-1.12.5.jar;C:\Users\gyaba\.m2\repository\io\micrometer\micrometer-commons\1.12.5\micrometer-commons-1.12.5.jar;C:\Users\gyaba\.m2\repository\org\springframework\spring-webmvc\6.1.6\spring-webmvc-6.1.6.jar;C:\Users\gyaba\.m2\repository\org\springframework\spring-aop\6.1.6\spring-aop-6.1.6.jar;C:\Users\gyaba\.m2\repository\org\springframework\spring-context\6.1.6\spring-context-6.1.6.jar;C:\Users\gyaba\.m2\repository\org\springframework\spring-expression\6.1.6\spring-expression-6.1.6.jar;C:\Users\gyaba\.m2\repository\org\postgresql\postgresql\42.6.2\postgresql-42.6.2.jar;C:\Users\gyaba\.m2\repository\org\checkerframework\checker-qual\3.31.0\checker-qual-3.31.0.jar;C:\Users\gyaba\.m2\repository\org\projectlombok\lombok\1.18.32\lombok-1.18.32.jar;C:\Users\gyaba\.m2\repository\org\slf4j\slf4j-api\2.0.13\slf4j-api-2.0.13.jar;C:\Users\gyaba\.m2\repository\org\springframework\spring-core\6.1.6\spring-core-6.1.6.jar;C:\Users\gyaba\.m2\repository\org\springframework\spring-jcl\6.1.6\spring-jcl-6.1.6.jar
Launcher Type: SUN_STANDARD

[Global flags]
     intx CICompilerCount                          = 3                                         {product} {ergonomic}
     uint ConcGCThreads                            = 1                                         {product} {ergonomic}
     uint G1ConcRefinementThreads                  = 4                                         {product} {ergonomic}
   size_t G1HeapRegionSize                         = 1048576                                   {product} {ergonomic}
    uintx GCDrainStackTargetSize                   = 64                                        {product} {ergonomic}
   size_t InitialHeapSize                          = 65011712                                  {product} {ergonomic}
   size_t MarkStackSize                            = 4194304                                   {product} {ergonomic}
   size_t MaxHeapSize                              = 1025507328                                {product} {ergonomic}
   size_t MaxNewSize                               = 614465536                                 {product} {ergonomic}
   size_t MinHeapDeltaBytes                        = 1048576                                   {product} {ergonomic}
   size_t MinHeapSize                              = 8388608                                   {product} {ergonomic}
    uintx NonNMethodCodeHeapSize                   = 5832780                                {pd product} {ergonomic}
    uintx NonProfiledCodeHeapSize                  = 122912730                              {pd product} {ergonomic}
    uintx ProfiledCodeHeapSize                     = 122912730                              {pd product} {ergonomic}
    uintx ReservedCodeCacheSize                    = 251658240                              {pd product} {ergonomic}
     bool SegmentedCodeCache                       = true                                      {product} {ergonomic}
     bool ShowCodeDetailsInExceptionMessages       = true                                   {manageable} {command line}
   size_t SoftMaxHeapSize                          = 1025507328                             {manageable} {ergonomic}
     bool UseCompressedOops                        = true                           {product lp64_product} {ergonomic}
     bool UseG1GC                                  = true                                      {product} {ergonomic}
     bool UseLargePagesIndividualAllocation        = false                                  {pd product} {ergonomic}

Logging:
Log output configuration:
 #0: stdout all=warning uptime,level,tags foldmultilines=false
 #1: stderr all=off uptime,level,tags foldmultilines=false

Environment Variables:
PATH=C:\Program Files\Common Files\Oracle\Java\javapath;C:\Program Files (x86)\Common Files\Oracle\Java\java8path;C:\Program Files (x86)\Common Files\Oracle\Java\javapath;C:\Program Files (x86)\NVIDIA Corporation\PhysX\Common;C:\windows\system32;C:\windows;C:\windows\System32\Wbem;C:\windows\System32\WindowsPowerShell\v1.0\;C:\windows\System32\OpenSSH\;C:\Program Files (x86)\Windows Kits\8.1\Windows Performance Toolkit\;C:\Program Files\Git\cmd;C:\Program Files\HP\HP One Agent;C:\Program Files\Docker\Docker\resources\bin;C:\Program Files\nodejs\;C:\Program Files\Java\jdk-21\bin;C:\Program Files\Microsoft VS Code\bin;C:\Program Files\MATLAB\R2023a\runtime\win64;C:\Program Files\MATLAB\R2023a\bin;C:\Users\gyaba\AppData\Local\Programs\Python\Python311\Scripts\;C:\Users\gyaba\AppData\Local\Programs\Python\Python311\;C:\Users\gyaba\AppData\Local\Microsoft\WindowsApps;C:\Users\gyaba\AppData\Roaming\npm;";C:\Program Files\Java\jdk-21\bin";
USERNAME=gyaba
LANG=en_US.UTF-8
OS=Windows_NT
PROCESSOR_IDENTIFIER=Intel64 Family 6 Model 122 Stepping 8, GenuineIntel
TMP=C:\Users\gyaba\AppData\Local\Temp
TEMP=C:\Users\gyaba\AppData\Local\Temp




Periodic native trim disabled

---------------  S Y S T E M  ---------------

OS:
 Windows 11 , 64 bit Build 22621 (10.0.22621.3527)
OS uptime: 0 days 4:15 hours
Hyper-V role detected

CPU: total 4 (initial active 4) (4 cores per cpu, 1 threads per core) family 6 model 122 stepping 8 microcode 0x22, cx8, cmov, fxsr, mmx, 3dnowpref, sse, sse2, sse3, ssse3, sse4.1, sse4.2, popcnt, tsc, tscinvbit, aes, erms, clmul, sha, clflush, clflushopt, hv, rdtscp, rdpid
Processor Information for all 4 processors :
  Max Mhz: 1101, Current Mhz: 1101, Mhz Limit: 1101

Memory: 4k page, system-wide physical 3911M (224M free)
TotalPageFile size 7991M (AvailPageFile size 0M)
current process WorkingSet (physical memory assigned to process): 111M, peak: 111M
current process commit charge ("private bytes"): 143M, peak: 157M

vm_info: Java HotSpot(TM) 64-Bit Server VM (21.0.2+13-LTS-58) for windows-amd64 JRE (21.0.2+13-LTS-58), built on 2024-01-05T18:32:24Z by "mach5one" with MS VC++ 17.1 (VS2022)

END.
